[1.112s] DEBUG:colcon:Command line arguments: ['/usr/bin/colcon', 'build']
[1.113s] DEBUG:colcon:Parsed command line arguments: Namespace(log_base=None, log_level=None, verb_name='build', build_base='build', install_base='install', merge_install=False, symlink_install=False, test_result_base=None, continue_on_error=False, executor='parallel', parallel_workers=4, event_handlers=None, ignore_user_meta=False, metas=['./colcon.meta'], base_paths=['.'], packages_ignore=None, packages_ignore_regex=None, paths=None, packages_up_to=None, packages_up_to_regex=None, packages_above=None, packages_above_and_dependencies=None, packages_above_depth=None, packages_select_by_dep=None, packages_skip_by_dep=None, packages_skip_up_to=None, packages_select_build_failed=False, packages_skip_build_finished=False, packages_select_test_failures=False, packages_skip_test_passed=False, packages_select=None, packages_skip=None, packages_select_regex=None, packages_skip_regex=None, packages_start=None, packages_end=None, allow_overriding=[], cmake_args=None, cmake_target=None, cmake_target_skip_unavailable=False, cmake_clean_cache=False, cmake_clean_first=False, cmake_force_configure=False, ament_cmake_args=None, catkin_cmake_args=None, catkin_skip_building_tests=False, verb_parser=<colcon_defaults.argument_parser.defaults.DefaultArgumentsDecorator object at 0xffff93f05ba0>, verb_extension=<colcon_core.verb.build.BuildVerb object at 0xffff94017010>, main=<bound method BuildVerb.main of <colcon_core.verb.build.BuildVerb object at 0xffff94017010>>)
[2.804s] Level 1:colcon.colcon_core.package_discovery:discover_packages(colcon_meta) check parameters
[2.806s] Level 1:colcon.colcon_core.package_discovery:discover_packages(recursive) check parameters
[2.806s] Level 1:colcon.colcon_core.package_discovery:discover_packages(ignore) check parameters
[2.807s] Level 1:colcon.colcon_core.package_discovery:discover_packages(path) check parameters
[2.807s] Level 1:colcon.colcon_core.package_discovery:discover_packages(colcon_meta) discover
[2.808s] Level 1:colcon.colcon_core.package_discovery:discover_packages(recursive) discover
[2.808s] INFO:colcon.colcon_core.package_discovery:Crawling recursively for packages in '/home/falcon/FALCON-SYS/ros_ws'
[2.809s] Level 1:colcon.colcon_core.package_identification:_identify(.) by extensions ['ignore', 'ignore_ament_install']
[2.810s] Level 1:colcon.colcon_core.package_identification:_identify(.) by extension 'ignore'
[2.811s] Level 1:colcon.colcon_core.package_identification:_identify(.) by extension 'ignore_ament_install'
[2.812s] Level 1:colcon.colcon_core.package_identification:_identify(.) by extensions ['colcon_pkg']
[2.812s] Level 1:colcon.colcon_core.package_identification:_identify(.) by extension 'colcon_pkg'
[2.813s] Level 1:colcon.colcon_core.package_identification:_identify(.) by extensions ['colcon_meta']
[2.813s] Level 1:colcon.colcon_core.package_identification:_identify(.) by extension 'colcon_meta'
[2.814s] Level 1:colcon.colcon_core.package_identification:_identify(.) by extensions ['ros']
[2.814s] Level 1:colcon.colcon_core.package_identification:_identify(.) by extension 'ros'
[2.933s] Level 1:colcon.colcon_core.package_identification:_identify(.) by extensions ['cmake', 'python']
[2.934s] Level 1:colcon.colcon_core.package_identification:_identify(.) by extension 'cmake'
[2.934s] Level 1:colcon.colcon_core.package_identification:_identify(.) by extension 'python'
[2.935s] Level 1:colcon.colcon_core.package_identification:_identify(.) by extensions ['python_setup_py']
[2.935s] Level 1:colcon.colcon_core.package_identification:_identify(.) by extension 'python_setup_py'
[2.937s] Level 1:colcon.colcon_core.package_identification:_identify(build) by extensions ['ignore', 'ignore_ament_install']
[2.938s] Level 1:colcon.colcon_core.package_identification:_identify(build) by extension 'ignore'
[2.938s] Level 1:colcon.colcon_core.package_identification:_identify(build) ignored
[2.940s] Level 1:colcon.colcon_core.package_identification:_identify(install) by extensions ['ignore', 'ignore_ament_install']
[2.941s] Level 1:colcon.colcon_core.package_identification:_identify(install) by extension 'ignore'
[2.942s] Level 1:colcon.colcon_core.package_identification:_identify(install) ignored
[2.943s] Level 1:colcon.colcon_core.package_identification:_identify(log) by extensions ['ignore', 'ignore_ament_install']
[2.944s] Level 1:colcon.colcon_core.package_identification:_identify(log) by extension 'ignore'
[2.945s] Level 1:colcon.colcon_core.package_identification:_identify(log) ignored
[2.946s] Level 1:colcon.colcon_core.package_identification:_identify(src) by extensions ['ignore', 'ignore_ament_install']
[2.947s] Level 1:colcon.colcon_core.package_identification:_identify(src) by extension 'ignore'
[2.948s] Level 1:colcon.colcon_core.package_identification:_identify(src) by extension 'ignore_ament_install'
[2.949s] Level 1:colcon.colcon_core.package_identification:_identify(src) by extensions ['colcon_pkg']
[2.950s] Level 1:colcon.colcon_core.package_identification:_identify(src) by extension 'colcon_pkg'
[2.950s] Level 1:colcon.colcon_core.package_identification:_identify(src) by extensions ['colcon_meta']
[2.951s] Level 1:colcon.colcon_core.package_identification:_identify(src) by extension 'colcon_meta'
[2.951s] Level 1:colcon.colcon_core.package_identification:_identify(src) by extensions ['ros']
[2.952s] Level 1:colcon.colcon_core.package_identification:_identify(src) by extension 'ros'
[2.953s] Level 1:colcon.colcon_core.package_identification:_identify(src) by extensions ['cmake', 'python']
[2.954s] Level 1:colcon.colcon_core.package_identification:_identify(src) by extension 'cmake'
[2.954s] Level 1:colcon.colcon_core.package_identification:_identify(src) by extension 'python'
[2.955s] Level 1:colcon.colcon_core.package_identification:_identify(src) by extensions ['python_setup_py']
[2.955s] Level 1:colcon.colcon_core.package_identification:_identify(src) by extension 'python_setup_py'
[2.957s] Level 1:colcon.colcon_core.package_identification:_identify(src/simple_talker) by extensions ['ignore', 'ignore_ament_install']
[2.958s] Level 1:colcon.colcon_core.package_identification:_identify(src/simple_talker) by extension 'ignore'
[2.959s] Level 1:colcon.colcon_core.package_identification:_identify(src/simple_talker) by extension 'ignore_ament_install'
[2.960s] Level 1:colcon.colcon_core.package_identification:_identify(src/simple_talker) by extensions ['colcon_pkg']
[2.960s] Level 1:colcon.colcon_core.package_identification:_identify(src/simple_talker) by extension 'colcon_pkg'
[2.961s] Level 1:colcon.colcon_core.package_identification:_identify(src/simple_talker) by extensions ['colcon_meta']
[2.961s] Level 1:colcon.colcon_core.package_identification:_identify(src/simple_talker) by extension 'colcon_meta'
[2.962s] Level 1:colcon.colcon_core.package_identification:_identify(src/simple_talker) by extensions ['ros']
[2.963s] Level 1:colcon.colcon_core.package_identification:_identify(src/simple_talker) by extension 'ros'
[2.987s] DEBUG:colcon.colcon_core.package_identification:Package 'src/simple_talker' with type 'ros.ament_python' and name 'simple_talker'
[2.988s] Level 1:colcon.colcon_core.package_discovery:discover_packages(recursive) using defaults
[2.988s] Level 1:colcon.colcon_core.package_discovery:discover_packages(ignore) discover
[2.989s] Level 1:colcon.colcon_core.package_discovery:discover_packages(ignore) using defaults
[2.989s] Level 1:colcon.colcon_core.package_discovery:discover_packages(path) discover
[2.989s] Level 1:colcon.colcon_core.package_discovery:discover_packages(path) using defaults
[3.197s] Level 1:colcon.colcon_core.package_discovery:discover_packages(prefix_path) check parameters
[3.197s] Level 1:colcon.colcon_core.package_discovery:discover_packages(prefix_path) discover
[3.226s] DEBUG:colcon.colcon_installed_package_information.package_discovery:Found 1 installed packages in /home/falcon/FALCON-SYS/ros_ws/install
[3.240s] DEBUG:colcon.colcon_installed_package_information.package_discovery:Found 182 installed packages in /opt/ros/humble
[3.252s] Level 1:colcon.colcon_core.package_discovery:discover_packages(prefix_path) using defaults
[3.575s] Level 5:colcon.colcon_core.verb:set package 'simple_talker' build argument 'cmake_args' from command line to 'None'
[3.575s] Level 5:colcon.colcon_core.verb:set package 'simple_talker' build argument 'cmake_target' from command line to 'None'
[3.576s] Level 5:colcon.colcon_core.verb:set package 'simple_talker' build argument 'cmake_target_skip_unavailable' from command line to 'False'
[3.576s] Level 5:colcon.colcon_core.verb:set package 'simple_talker' build argument 'cmake_clean_cache' from command line to 'False'
[3.576s] Level 5:colcon.colcon_core.verb:set package 'simple_talker' build argument 'cmake_clean_first' from command line to 'False'
[3.577s] Level 5:colcon.colcon_core.verb:set package 'simple_talker' build argument 'cmake_force_configure' from command line to 'False'
[3.577s] Level 5:colcon.colcon_core.verb:set package 'simple_talker' build argument 'ament_cmake_args' from command line to 'None'
[3.577s] Level 5:colcon.colcon_core.verb:set package 'simple_talker' build argument 'catkin_cmake_args' from command line to 'None'
[3.577s] Level 5:colcon.colcon_core.verb:set package 'simple_talker' build argument 'catkin_skip_building_tests' from command line to 'False'
[3.578s] DEBUG:colcon.colcon_core.verb:Building package 'simple_talker' with the following arguments: {'ament_cmake_args': None, 'build_base': '/home/falcon/FALCON-SYS/ros_ws/build/simple_talker', 'catkin_cmake_args': None, 'catkin_skip_building_tests': False, 'cmake_args': None, 'cmake_clean_cache': False, 'cmake_clean_first': False, 'cmake_force_configure': False, 'cmake_target': None, 'cmake_target_skip_unavailable': False, 'install_base': '/home/falcon/FALCON-SYS/ros_ws/install/simple_talker', 'merge_install': False, 'path': '/home/falcon/FALCON-SYS/ros_ws/src/simple_talker', 'symlink_install': False, 'test_result_base': None}
[3.579s] INFO:colcon.colcon_core.executor:Executing jobs using 'parallel' executor
[3.588s] DEBUG:colcon.colcon_parallel_executor.executor.parallel:run_until_complete
[3.590s] INFO:colcon.colcon_ros.task.ament_python.build:Building ROS package in '/home/falcon/FALCON-SYS/ros_ws/src/simple_talker' with build type 'ament_python'
[3.592s] Level 1:colcon.colcon_core.shell:create_environment_hook('simple_talker', 'ament_prefix_path')
[3.616s] INFO:colcon.colcon_core.plugin_system:Skipping extension 'colcon_core.shell.bat': Not used on non-Windows systems
[3.619s] INFO:colcon.colcon_core.shell:Creating environment hook '/home/falcon/FALCON-SYS/ros_ws/install/simple_talker/share/simple_talker/hook/ament_prefix_path.ps1'
[3.626s] INFO:colcon.colcon_core.shell:Creating environment descriptor '/home/falcon/FALCON-SYS/ros_ws/install/simple_talker/share/simple_talker/hook/ament_prefix_path.dsv'
[3.631s] INFO:colcon.colcon_core.shell:Creating environment hook '/home/falcon/FALCON-SYS/ros_ws/install/simple_talker/share/simple_talker/hook/ament_prefix_path.sh'
[3.640s] INFO:colcon.colcon_core.shell:Skip shell extension 'powershell' for command environment: Not usable outside of PowerShell
[3.641s] DEBUG:colcon.colcon_core.shell:Skip shell extension 'dsv' for command environment
[6.513s] WARNING:colcon.colcon_ros.task.ament_python.build:Package 'simple_talker' doesn't explicitly install a marker in the package index (colcon-ros currently does it implicitly but that fallback will be removed in the future)
[6.516s] WARNING:colcon.colcon_ros.task.ament_python.build:Package 'simple_talker' doesn't explicitly install the 'package.xml' file (colcon-ros currently does it implicitly but that fallback will be removed in the future)
[6.520s] INFO:colcon.colcon_core.task.python.build:Building Python package in '/home/falcon/FALCON-SYS/ros_ws/src/simple_talker'
[6.523s] INFO:colcon.colcon_core.shell:Skip shell extension 'powershell' for command environment: Not usable outside of PowerShell
[6.524s] DEBUG:colcon.colcon_core.shell:Skip shell extension 'dsv' for command environment
[10.354s] DEBUG:colcon.colcon_core.event_handler.log_command:Invoking command in '/home/falcon/FALCON-SYS/ros_ws/src/simple_talker': PYTHONPATH=/home/falcon/FALCON-SYS/ros_ws/build/simple_talker/prefix_override:/usr/lib/python3/dist-packages/colcon_core/task/python/colcon_distutils_commands:/home/falcon/FALCON-SYS/ros_ws/install/simple_talker/lib/python3.10/site-packages:${PYTHONPATH} /usr/bin/python3 -W ignore:setup.py install is deprecated -W ignore:easy_install command is deprecated setup.py egg_info --egg-base ../../build/simple_talker build --build-base /home/falcon/FALCON-SYS/ros_ws/build/simple_talker/build install --record /home/falcon/FALCON-SYS/ros_ws/build/simple_talker/install.log --single-version-externally-managed
[13.446s] DEBUG:colcon.colcon_core.event_handler.log_command:Invoked command in '/home/falcon/FALCON-SYS/ros_ws/src/simple_talker' returned '0': PYTHONPATH=/home/falcon/FALCON-SYS/ros_ws/build/simple_talker/prefix_override:/usr/lib/python3/dist-packages/colcon_core/task/python/colcon_distutils_commands:/home/falcon/FALCON-SYS/ros_ws/install/simple_talker/lib/python3.10/site-packages:${PYTHONPATH} /usr/bin/python3 -W ignore:setup.py install is deprecated -W ignore:easy_install command is deprecated setup.py egg_info --egg-base ../../build/simple_talker build --build-base /home/falcon/FALCON-SYS/ros_ws/build/simple_talker/build install --record /home/falcon/FALCON-SYS/ros_ws/build/simple_talker/install.log --single-version-externally-managed
[13.473s] Level 1:colcon.colcon_core.environment:checking '/home/falcon/FALCON-SYS/ros_ws/install/simple_talker' for CMake module files
[13.479s] Level 1:colcon.colcon_core.environment:checking '/home/falcon/FALCON-SYS/ros_ws/install/simple_talker' for CMake config files
[13.487s] Level 1:colcon.colcon_core.environment:checking '/home/falcon/FALCON-SYS/ros_ws/install/simple_talker/lib'
[13.489s] Level 1:colcon.colcon_core.environment:checking '/home/falcon/FALCON-SYS/ros_ws/install/simple_talker/bin'
[13.490s] Level 1:colcon.colcon_core.environment:checking '/home/falcon/FALCON-SYS/ros_ws/install/simple_talker/lib/pkgconfig/simple_talker.pc'
[13.493s] Level 1:colcon.colcon_core.environment:checking '/home/falcon/FALCON-SYS/ros_ws/install/simple_talker/lib/python3.10/site-packages'
[13.493s] Level 1:colcon.colcon_core.shell:create_environment_hook('simple_talker', 'pythonpath')
[13.496s] INFO:colcon.colcon_core.shell:Creating environment hook '/home/falcon/FALCON-SYS/ros_ws/install/simple_talker/share/simple_talker/hook/pythonpath.ps1'
[13.501s] INFO:colcon.colcon_core.shell:Creating environment descriptor '/home/falcon/FALCON-SYS/ros_ws/install/simple_talker/share/simple_talker/hook/pythonpath.dsv'
[13.506s] INFO:colcon.colcon_core.shell:Creating environment hook '/home/falcon/FALCON-SYS/ros_ws/install/simple_talker/share/simple_talker/hook/pythonpath.sh'
[13.514s] Level 1:colcon.colcon_core.environment:checking '/home/falcon/FALCON-SYS/ros_ws/install/simple_talker/bin'
[13.515s] Level 1:colcon.colcon_core.environment:create_environment_scripts_only(simple_talker)
[13.518s] INFO:colcon.colcon_core.shell:Creating package script '/home/falcon/FALCON-SYS/ros_ws/install/simple_talker/share/simple_talker/package.ps1'
[13.527s] INFO:colcon.colcon_core.shell:Creating package descriptor '/home/falcon/FALCON-SYS/ros_ws/install/simple_talker/share/simple_talker/package.dsv'
[13.534s] INFO:colcon.colcon_core.shell:Creating package script '/home/falcon/FALCON-SYS/ros_ws/install/simple_talker/share/simple_talker/package.sh'
[13.542s] INFO:colcon.colcon_core.shell:Creating package script '/home/falcon/FALCON-SYS/ros_ws/install/simple_talker/share/simple_talker/package.bash'
[13.551s] INFO:colcon.colcon_core.shell:Creating package script '/home/falcon/FALCON-SYS/ros_ws/install/simple_talker/share/simple_talker/package.zsh'
[13.559s] Level 1:colcon.colcon_core.environment:create_file_with_runtime_dependencies(/home/falcon/FALCON-SYS/ros_ws/install/simple_talker/share/colcon-core/packages/simple_talker)
[13.562s] DEBUG:colcon.colcon_parallel_executor.executor.parallel:closing loop
[13.565s] DEBUG:colcon.colcon_parallel_executor.executor.parallel:loop closed
[13.566s] DEBUG:colcon.colcon_parallel_executor.executor.parallel:run_until_complete finished with '0'
[13.568s] DEBUG:colcon.colcon_core.event_reactor:joining thread
[13.616s] INFO:colcon.colcon_core.plugin_system:Skipping extension 'colcon_notification.desktop_notification.notify_send': Could not find 'notify-send'
[13.617s] INFO:colcon.colcon_core.plugin_system:Skipping extension 'colcon_notification.desktop_notification.terminal_notifier': Not used on non-Darwin systems
[13.618s] INFO:colcon.colcon_core.plugin_system:Skipping extension 'colcon_notification.desktop_notification.win32': Not used on non-Windows systems
[13.619s] INFO:colcon.colcon_notification.desktop_notification:Sending desktop notification using 'notify2'
[13.625s] DEBUG:colcon.colcon_notification.desktop_notification.notify2:Failed to initialize notify2: org.freedesktop.DBus.Error.ServiceUnknown: The name org.freedesktop.Notifications was not provided by any .service files
[13.626s] DEBUG:colcon.colcon_core.event_reactor:joined thread
[13.629s] INFO:colcon.colcon_core.shell:Creating prefix script '/home/falcon/FALCON-SYS/ros_ws/install/local_setup.ps1'
[13.640s] INFO:colcon.colcon_core.shell:Creating prefix util module '/home/falcon/FALCON-SYS/ros_ws/install/_local_setup_util_ps1.py'
[13.656s] INFO:colcon.colcon_core.shell:Creating prefix chain script '/home/falcon/FALCON-SYS/ros_ws/install/setup.ps1'
[13.667s] INFO:colcon.colcon_core.shell:Creating prefix script '/home/falcon/FALCON-SYS/ros_ws/install/local_setup.sh'
[13.674s] INFO:colcon.colcon_core.shell:Creating prefix util module '/home/falcon/FALCON-SYS/ros_ws/install/_local_setup_util_sh.py'
[13.681s] INFO:colcon.colcon_core.shell:Creating prefix chain script '/home/falcon/FALCON-SYS/ros_ws/install/setup.sh'
[13.692s] INFO:colcon.colcon_core.shell:Creating prefix script '/home/falcon/FALCON-SYS/ros_ws/install/local_setup.bash'
[13.698s] INFO:colcon.colcon_core.shell:Creating prefix chain script '/home/falcon/FALCON-SYS/ros_ws/install/setup.bash'
[13.708s] INFO:colcon.colcon_core.shell:Creating prefix script '/home/falcon/FALCON-SYS/ros_ws/install/local_setup.zsh'
[13.714s] INFO:colcon.colcon_core.shell:Creating prefix chain script '/home/falcon/FALCON-SYS/ros_ws/install/setup.zsh'
