[1.116s] DEBUG:colcon:Command line arguments: ['/usr/bin/colcon', 'build']
[1.117s] DEBUG:colcon:Parsed command line arguments: Namespace(log_base=None, log_level=None, verb_name='build', build_base='build', install_base='install', merge_install=False, symlink_install=False, test_result_base=None, continue_on_error=False, executor='parallel', parallel_workers=4, event_handlers=None, ignore_user_meta=False, metas=['./colcon.meta'], base_paths=['.'], packages_ignore=None, packages_ignore_regex=None, paths=None, packages_up_to=None, packages_up_to_regex=None, packages_above=None, packages_above_and_dependencies=None, packages_above_depth=None, packages_select_by_dep=None, packages_skip_by_dep=None, packages_skip_up_to=None, packages_select_build_failed=False, packages_skip_build_finished=False, packages_select_test_failures=False, packages_skip_test_passed=False, packages_select=None, packages_skip=None, packages_select_regex=None, packages_skip_regex=None, packages_start=None, packages_end=None, allow_overriding=[], cmake_args=None, cmake_target=None, cmake_target_skip_unavailable=False, cmake_clean_cache=False, cmake_clean_first=False, cmake_force_configure=False, ament_cmake_args=None, catkin_cmake_args=None, catkin_skip_building_tests=False, verb_parser=<colcon_defaults.argument_parser.defaults.DefaultArgumentsDecorator object at 0xffff85739960>, verb_extension=<colcon_core.verb.build.BuildVerb object at 0xffff8584add0>, main=<bound method BuildVerb.main of <colcon_core.verb.build.BuildVerb object at 0xffff8584add0>>)
[3.011s] Level 1:colcon.colcon_core.package_discovery:discover_packages(colcon_meta) check parameters
[3.012s] Level 1:colcon.colcon_core.package_discovery:discover_packages(recursive) check parameters
[3.012s] Level 1:colcon.colcon_core.package_discovery:discover_packages(ignore) check parameters
[3.013s] Level 1:colcon.colcon_core.package_discovery:discover_packages(path) check parameters
[3.013s] Level 1:colcon.colcon_core.package_discovery:discover_packages(colcon_meta) discover
[3.014s] Level 1:colcon.colcon_core.package_discovery:discover_packages(recursive) discover
[3.015s] INFO:colcon.colcon_core.package_discovery:Crawling recursively for packages in '/home/falcon/FALCON-SYS/ros_ws'
[3.016s] Level 1:colcon.colcon_core.package_identification:_identify(.) by extensions ['ignore', 'ignore_ament_install']
[3.017s] Level 1:colcon.colcon_core.package_identification:_identify(.) by extension 'ignore'
[3.017s] Level 1:colcon.colcon_core.package_identification:_identify(.) by extension 'ignore_ament_install'
[3.018s] Level 1:colcon.colcon_core.package_identification:_identify(.) by extensions ['colcon_pkg']
[3.019s] Level 1:colcon.colcon_core.package_identification:_identify(.) by extension 'colcon_pkg'
[3.019s] Level 1:colcon.colcon_core.package_identification:_identify(.) by extensions ['colcon_meta']
[3.020s] Level 1:colcon.colcon_core.package_identification:_identify(.) by extension 'colcon_meta'
[3.020s] Level 1:colcon.colcon_core.package_identification:_identify(.) by extensions ['ros']
[3.021s] Level 1:colcon.colcon_core.package_identification:_identify(.) by extension 'ros'
[3.132s] Level 1:colcon.colcon_core.package_identification:_identify(.) by extensions ['cmake', 'python']
[3.133s] Level 1:colcon.colcon_core.package_identification:_identify(.) by extension 'cmake'
[3.134s] Level 1:colcon.colcon_core.package_identification:_identify(.) by extension 'python'
[3.134s] Level 1:colcon.colcon_core.package_identification:_identify(.) by extensions ['python_setup_py']
[3.135s] Level 1:colcon.colcon_core.package_identification:_identify(.) by extension 'python_setup_py'
[3.136s] Level 1:colcon.colcon_core.package_identification:_identify(build) by extensions ['ignore', 'ignore_ament_install']
[3.137s] Level 1:colcon.colcon_core.package_identification:_identify(build) by extension 'ignore'
[3.138s] Level 1:colcon.colcon_core.package_identification:_identify(build) ignored
[3.140s] Level 1:colcon.colcon_core.package_identification:_identify(install) by extensions ['ignore', 'ignore_ament_install']
[3.141s] Level 1:colcon.colcon_core.package_identification:_identify(install) by extension 'ignore'
[3.141s] Level 1:colcon.colcon_core.package_identification:_identify(install) ignored
[3.143s] Level 1:colcon.colcon_core.package_identification:_identify(log) by extensions ['ignore', 'ignore_ament_install']
[3.144s] Level 1:colcon.colcon_core.package_identification:_identify(log) by extension 'ignore'
[3.144s] Level 1:colcon.colcon_core.package_identification:_identify(log) ignored
[3.146s] Level 1:colcon.colcon_core.package_identification:_identify(src) by extensions ['ignore', 'ignore_ament_install']
[3.147s] Level 1:colcon.colcon_core.package_identification:_identify(src) by extension 'ignore'
[3.148s] Level 1:colcon.colcon_core.package_identification:_identify(src) by extension 'ignore_ament_install'
[3.148s] Level 1:colcon.colcon_core.package_identification:_identify(src) by extensions ['colcon_pkg']
[3.149s] Level 1:colcon.colcon_core.package_identification:_identify(src) by extension 'colcon_pkg'
[3.150s] Level 1:colcon.colcon_core.package_identification:_identify(src) by extensions ['colcon_meta']
[3.150s] Level 1:colcon.colcon_core.package_identification:_identify(src) by extension 'colcon_meta'
[3.151s] Level 1:colcon.colcon_core.package_identification:_identify(src) by extensions ['ros']
[3.151s] Level 1:colcon.colcon_core.package_identification:_identify(src) by extension 'ros'
[3.152s] Level 1:colcon.colcon_core.package_identification:_identify(src) by extensions ['cmake', 'python']
[3.153s] Level 1:colcon.colcon_core.package_identification:_identify(src) by extension 'cmake'
[3.153s] Level 1:colcon.colcon_core.package_identification:_identify(src) by extension 'python'
[3.154s] Level 1:colcon.colcon_core.package_identification:_identify(src) by extensions ['python_setup_py']
[3.154s] Level 1:colcon.colcon_core.package_identification:_identify(src) by extension 'python_setup_py'
[3.156s] Level 1:colcon.colcon_core.package_identification:_identify(src/simple_talker) by extensions ['ignore', 'ignore_ament_install']
[3.157s] Level 1:colcon.colcon_core.package_identification:_identify(src/simple_talker) by extension 'ignore'
[3.158s] Level 1:colcon.colcon_core.package_identification:_identify(src/simple_talker) by extension 'ignore_ament_install'
[3.159s] Level 1:colcon.colcon_core.package_identification:_identify(src/simple_talker) by extensions ['colcon_pkg']
[3.159s] Level 1:colcon.colcon_core.package_identification:_identify(src/simple_talker) by extension 'colcon_pkg'
[3.161s] Level 1:colcon.colcon_core.package_identification:_identify(src/simple_talker) by extensions ['colcon_meta']
[3.162s] Level 1:colcon.colcon_core.package_identification:_identify(src/simple_talker) by extension 'colcon_meta'
[3.163s] Level 1:colcon.colcon_core.package_identification:_identify(src/simple_talker) by extensions ['ros']
[3.164s] Level 1:colcon.colcon_core.package_identification:_identify(src/simple_talker) by extension 'ros'
[3.198s] DEBUG:colcon.colcon_core.package_identification:Package 'src/simple_talker' with type 'ros.ament_python' and name 'simple_talker'
[3.199s] Level 1:colcon.colcon_core.package_discovery:discover_packages(recursive) using defaults
[3.200s] Level 1:colcon.colcon_core.package_discovery:discover_packages(ignore) discover
[3.200s] Level 1:colcon.colcon_core.package_discovery:discover_packages(ignore) using defaults
[3.201s] Level 1:colcon.colcon_core.package_discovery:discover_packages(path) discover
[3.201s] Level 1:colcon.colcon_core.package_discovery:discover_packages(path) using defaults
[3.402s] Level 1:colcon.colcon_core.package_discovery:discover_packages(prefix_path) check parameters
[3.403s] Level 1:colcon.colcon_core.package_discovery:discover_packages(prefix_path) discover
[3.439s] DEBUG:colcon.colcon_installed_package_information.package_discovery:Found 182 installed packages in /opt/ros/humble
[3.450s] Level 1:colcon.colcon_core.package_discovery:discover_packages(prefix_path) using defaults
[3.753s] Level 5:colcon.colcon_core.verb:set package 'simple_talker' build argument 'cmake_args' from command line to 'None'
[3.754s] Level 5:colcon.colcon_core.verb:set package 'simple_talker' build argument 'cmake_target' from command line to 'None'
[3.755s] Level 5:colcon.colcon_core.verb:set package 'simple_talker' build argument 'cmake_target_skip_unavailable' from command line to 'False'
[3.755s] Level 5:colcon.colcon_core.verb:set package 'simple_talker' build argument 'cmake_clean_cache' from command line to 'False'
[3.755s] Level 5:colcon.colcon_core.verb:set package 'simple_talker' build argument 'cmake_clean_first' from command line to 'False'
[3.755s] Level 5:colcon.colcon_core.verb:set package 'simple_talker' build argument 'cmake_force_configure' from command line to 'False'
[3.756s] Level 5:colcon.colcon_core.verb:set package 'simple_talker' build argument 'ament_cmake_args' from command line to 'None'
[3.756s] Level 5:colcon.colcon_core.verb:set package 'simple_talker' build argument 'catkin_cmake_args' from command line to 'None'
[3.756s] Level 5:colcon.colcon_core.verb:set package 'simple_talker' build argument 'catkin_skip_building_tests' from command line to 'False'
[3.757s] DEBUG:colcon.colcon_core.verb:Building package 'simple_talker' with the following arguments: {'ament_cmake_args': None, 'build_base': '/home/falcon/FALCON-SYS/ros_ws/build/simple_talker', 'catkin_cmake_args': None, 'catkin_skip_building_tests': False, 'cmake_args': None, 'cmake_clean_cache': False, 'cmake_clean_first': False, 'cmake_force_configure': False, 'cmake_target': None, 'cmake_target_skip_unavailable': False, 'install_base': '/home/falcon/FALCON-SYS/ros_ws/install/simple_talker', 'merge_install': False, 'path': '/home/falcon/FALCON-SYS/ros_ws/src/simple_talker', 'symlink_install': False, 'test_result_base': None}
[3.758s] INFO:colcon.colcon_core.executor:Executing jobs using 'parallel' executor
[3.766s] DEBUG:colcon.colcon_parallel_executor.executor.parallel:run_until_complete
[3.769s] INFO:colcon.colcon_ros.task.ament_python.build:Building ROS package in '/home/falcon/FALCON-SYS/ros_ws/src/simple_talker' with build type 'ament_python'
[3.770s] Level 1:colcon.colcon_core.shell:create_environment_hook('simple_talker', 'ament_prefix_path')
[3.793s] INFO:colcon.colcon_core.plugin_system:Skipping extension 'colcon_core.shell.bat': Not used on non-Windows systems
[3.796s] INFO:colcon.colcon_core.shell:Creating environment hook '/home/falcon/FALCON-SYS/ros_ws/install/simple_talker/share/simple_talker/hook/ament_prefix_path.ps1'
[3.807s] INFO:colcon.colcon_core.shell:Creating environment descriptor '/home/falcon/FALCON-SYS/ros_ws/install/simple_talker/share/simple_talker/hook/ament_prefix_path.dsv'
[3.817s] INFO:colcon.colcon_core.shell:Creating environment hook '/home/falcon/FALCON-SYS/ros_ws/install/simple_talker/share/simple_talker/hook/ament_prefix_path.sh'
[3.831s] INFO:colcon.colcon_core.shell:Skip shell extension 'powershell' for command environment: Not usable outside of PowerShell
[3.831s] DEBUG:colcon.colcon_core.shell:Skip shell extension 'dsv' for command environment
[6.630s] INFO:colcon.colcon_core.task.python.build:Building Python package in '/home/falcon/FALCON-SYS/ros_ws/src/simple_talker'
[6.632s] INFO:colcon.colcon_core.shell:Skip shell extension 'powershell' for command environment: Not usable outside of PowerShell
[6.633s] DEBUG:colcon.colcon_core.shell:Skip shell extension 'dsv' for command environment
[11.593s] DEBUG:colcon.colcon_core.event_handler.log_command:Invoking command in '/home/falcon/FALCON-SYS/ros_ws/src/simple_talker': PYTHONPATH=/home/falcon/FALCON-SYS/ros_ws/build/simple_talker/prefix_override:/usr/lib/python3/dist-packages/colcon_core/task/python/colcon_distutils_commands:/home/falcon/FALCON-SYS/ros_ws/install/simple_talker/lib/python3.10/site-packages:${PYTHONPATH} /usr/bin/python3 -W ignore:setup.py install is deprecated -W ignore:easy_install command is deprecated setup.py egg_info --egg-base ../../build/simple_talker build --build-base /home/falcon/FALCON-SYS/ros_ws/build/simple_talker/build install --record /home/falcon/FALCON-SYS/ros_ws/build/simple_talker/install.log --single-version-externally-managed install_data
[14.769s] DEBUG:colcon.colcon_core.event_handler.log_command:Invoked command in '/home/falcon/FALCON-SYS/ros_ws/src/simple_talker' returned '0': PYTHONPATH=/home/falcon/FALCON-SYS/ros_ws/build/simple_talker/prefix_override:/usr/lib/python3/dist-packages/colcon_core/task/python/colcon_distutils_commands:/home/falcon/FALCON-SYS/ros_ws/install/simple_talker/lib/python3.10/site-packages:${PYTHONPATH} /usr/bin/python3 -W ignore:setup.py install is deprecated -W ignore:easy_install command is deprecated setup.py egg_info --egg-base ../../build/simple_talker build --build-base /home/falcon/FALCON-SYS/ros_ws/build/simple_talker/build install --record /home/falcon/FALCON-SYS/ros_ws/build/simple_talker/install.log --single-version-externally-managed install_data
[14.816s] Level 1:colcon.colcon_core.environment:checking '/home/falcon/FALCON-SYS/ros_ws/install/simple_talker' for CMake module files
[14.821s] Level 1:colcon.colcon_core.environment:checking '/home/falcon/FALCON-SYS/ros_ws/install/simple_talker' for CMake config files
[14.831s] Level 1:colcon.colcon_core.environment:checking '/home/falcon/FALCON-SYS/ros_ws/install/simple_talker/lib'
[14.834s] Level 1:colcon.colcon_core.environment:checking '/home/falcon/FALCON-SYS/ros_ws/install/simple_talker/bin'
[14.835s] Level 1:colcon.colcon_core.environment:checking '/home/falcon/FALCON-SYS/ros_ws/install/simple_talker/lib/pkgconfig/simple_talker.pc'
[14.838s] Level 1:colcon.colcon_core.environment:checking '/home/falcon/FALCON-SYS/ros_ws/install/simple_talker/lib/python3.10/site-packages'
[14.839s] Level 1:colcon.colcon_core.shell:create_environment_hook('simple_talker', 'pythonpath')
[14.841s] INFO:colcon.colcon_core.shell:Creating environment hook '/home/falcon/FALCON-SYS/ros_ws/install/simple_talker/share/simple_talker/hook/pythonpath.ps1'
[14.845s] INFO:colcon.colcon_core.shell:Creating environment descriptor '/home/falcon/FALCON-SYS/ros_ws/install/simple_talker/share/simple_talker/hook/pythonpath.dsv'
[14.849s] INFO:colcon.colcon_core.shell:Creating environment hook '/home/falcon/FALCON-SYS/ros_ws/install/simple_talker/share/simple_talker/hook/pythonpath.sh'
[14.856s] Level 1:colcon.colcon_core.environment:checking '/home/falcon/FALCON-SYS/ros_ws/install/simple_talker/bin'
[14.857s] Level 1:colcon.colcon_core.environment:create_environment_scripts_only(simple_talker)
[14.860s] INFO:colcon.colcon_core.shell:Creating package script '/home/falcon/FALCON-SYS/ros_ws/install/simple_talker/share/simple_talker/package.ps1'
[14.872s] INFO:colcon.colcon_core.shell:Creating package descriptor '/home/falcon/FALCON-SYS/ros_ws/install/simple_talker/share/simple_talker/package.dsv'
[14.882s] INFO:colcon.colcon_core.shell:Creating package script '/home/falcon/FALCON-SYS/ros_ws/install/simple_talker/share/simple_talker/package.sh'
[14.899s] INFO:colcon.colcon_core.shell:Creating package script '/home/falcon/FALCON-SYS/ros_ws/install/simple_talker/share/simple_talker/package.bash'
[14.916s] INFO:colcon.colcon_core.shell:Creating package script '/home/falcon/FALCON-SYS/ros_ws/install/simple_talker/share/simple_talker/package.zsh'
[14.928s] Level 1:colcon.colcon_core.environment:create_file_with_runtime_dependencies(/home/falcon/FALCON-SYS/ros_ws/install/simple_talker/share/colcon-core/packages/simple_talker)
[14.933s] DEBUG:colcon.colcon_parallel_executor.executor.parallel:closing loop
[14.937s] DEBUG:colcon.colcon_parallel_executor.executor.parallel:loop closed
[14.938s] DEBUG:colcon.colcon_parallel_executor.executor.parallel:run_until_complete finished with '0'
[14.939s] DEBUG:colcon.colcon_core.event_reactor:joining thread
[14.993s] INFO:colcon.colcon_core.plugin_system:Skipping extension 'colcon_notification.desktop_notification.notify_send': Could not find 'notify-send'
[14.994s] INFO:colcon.colcon_core.plugin_system:Skipping extension 'colcon_notification.desktop_notification.terminal_notifier': Not used on non-Darwin systems
[14.996s] INFO:colcon.colcon_core.plugin_system:Skipping extension 'colcon_notification.desktop_notification.win32': Not used on non-Windows systems
[14.997s] INFO:colcon.colcon_notification.desktop_notification:Sending desktop notification using 'notify2'
[15.004s] DEBUG:colcon.colcon_notification.desktop_notification.notify2:Failed to initialize notify2: org.freedesktop.DBus.Error.ServiceUnknown: The name org.freedesktop.Notifications was not provided by any .service files
[15.005s] DEBUG:colcon.colcon_core.event_reactor:joined thread
[15.008s] INFO:colcon.colcon_core.shell:Creating prefix script '/home/falcon/FALCON-SYS/ros_ws/install/local_setup.ps1'
[15.020s] INFO:colcon.colcon_core.shell:Creating prefix util module '/home/falcon/FALCON-SYS/ros_ws/install/_local_setup_util_ps1.py'
[15.040s] INFO:colcon.colcon_core.shell:Creating prefix chain script '/home/falcon/FALCON-SYS/ros_ws/install/setup.ps1'
[15.051s] INFO:colcon.colcon_core.shell:Creating prefix script '/home/falcon/FALCON-SYS/ros_ws/install/local_setup.sh'
[15.058s] INFO:colcon.colcon_core.shell:Creating prefix util module '/home/falcon/FALCON-SYS/ros_ws/install/_local_setup_util_sh.py'
[15.065s] INFO:colcon.colcon_core.shell:Creating prefix chain script '/home/falcon/FALCON-SYS/ros_ws/install/setup.sh'
[15.078s] INFO:colcon.colcon_core.shell:Creating prefix script '/home/falcon/FALCON-SYS/ros_ws/install/local_setup.bash'
[15.084s] INFO:colcon.colcon_core.shell:Creating prefix chain script '/home/falcon/FALCON-SYS/ros_ws/install/setup.bash'
[15.096s] INFO:colcon.colcon_core.shell:Creating prefix script '/home/falcon/FALCON-SYS/ros_ws/install/local_setup.zsh'
[15.102s] INFO:colcon.colcon_core.shell:Creating prefix chain script '/home/falcon/FALCON-SYS/ros_ws/install/setup.zsh'
