running egg_info
creating ../../build/simple_talker/simple_talker.egg-info
writing ../../build/simple_talker/simple_talker.egg-info/PKG-INFO
writing dependency_links to ../../build/simple_talker/simple_talker.egg-info/dependency_links.txt
writing entry points to ../../build/simple_talker/simple_talker.egg-info/entry_points.txt
writing requirements to ../../build/simple_talker/simple_talker.egg-info/requires.txt
writing top-level names to ../../build/simple_talker/simple_talker.egg-info/top_level.txt
writing manifest file '../../build/simple_talker/simple_talker.egg-info/SOURCES.txt'
reading manifest file '../../build/simple_talker/simple_talker.egg-info/SOURCES.txt'
writing manifest file '../../build/simple_talker/simple_talker.egg-info/SOURCES.txt'
running build
running build_py
creating /home/falcon/FALCON-SYS/ros_ws/build/simple_talker/build
creating /home/falcon/FALCON-SYS/ros_ws/build/simple_talker/build/lib
creating /home/falcon/FALCON-SYS/ros_ws/build/simple_talker/build/lib/simple_talker
copying simple_talker/__init__.py -> /home/falcon/FALCON-SYS/ros_ws/build/simple_talker/build/lib/simple_talker
running install
running install_lib
creating /home/falcon/FALCON-SYS/ros_ws/install/simple_talker/lib/python3.10/site-packages/simple_talker
copying /home/falcon/FALCON-SYS/ros_ws/build/simple_talker/build/lib/simple_talker/__init__.py -> /home/falcon/FALCON-SYS/ros_ws/install/simple_talker/lib/python3.10/site-packages/simple_talker
byte-compiling /home/falcon/FALCON-SYS/ros_ws/install/simple_talker/lib/python3.10/site-packages/simple_talker/__init__.py to __init__.cpython-310.pyc
running install_data
creating /home/falcon/FALCON-SYS/ros_ws/install/simple_talker/share/ament_index
creating /home/falcon/FALCON-SYS/ros_ws/install/simple_talker/share/ament_index/resource_index
creating /home/falcon/FALCON-SYS/ros_ws/install/simple_talker/share/ament_index/resource_index/packages
copying resource/simple_talker -> /home/falcon/FALCON-SYS/ros_ws/install/simple_talker/share/ament_index/resource_index/packages
copying package.xml -> /home/falcon/FALCON-SYS/ros_ws/install/simple_talker/share/simple_talker
running install_egg_info
Copying ../../build/simple_talker/simple_talker.egg-info to /home/falcon/FALCON-SYS/ros_ws/install/simple_talker/lib/python3.10/site-packages/simple_talker-0.0.0-py3.10.egg-info
running install_scripts
writing list of installed files to '/home/falcon/FALCON-SYS/ros_ws/build/simple_talker/install.log'
