[6.761s] Invoking command in '/home/falcon/FALCON-SYS/ros_ws/src/simple_talker': PYTHONPATH=/home/falcon/FALCON-SYS/ros_ws/build/simple_talker/prefix_override:/usr/lib/python3/dist-packages/colcon_core/task/python/colcon_distutils_commands:/home/falcon/FALCON-SYS/ros_ws/install/simple_talker/lib/python3.10/site-packages:${PYTHONPATH} /usr/bin/python3 -W ignore:setup.py install is deprecated -W ignore:easy_install command is deprecated setup.py egg_info --egg-base ../../build/simple_talker build --build-base /home/falcon/FALCON-SYS/ros_ws/build/simple_talker/build install --record /home/falcon/FALCON-SYS/ros_ws/build/simple_talker/install.log --single-version-externally-managed
[9.254s] running egg_info
[9.261s] writing ../../build/simple_talker/simple_talker.egg-info/PKG-INFO
[9.263s] writing dependency_links to ../../build/simple_talker/simple_talker.egg-info/dependency_links.txt
[9.265s] writing entry points to ../../build/simple_talker/simple_talker.egg-info/entry_points.txt
[9.268s] writing requirements to ../../build/simple_talker/simple_talker.egg-info/requires.txt
[9.270s] writing top-level names to ../../build/simple_talker/simple_talker.egg-info/top_level.txt
[9.287s] reading manifest file '../../build/simple_talker/simple_talker.egg-info/SOURCES.txt'
[9.298s] writing manifest file '../../build/simple_talker/simple_talker.egg-info/SOURCES.txt'
[9.300s] running build
[9.301s] running build_py
[9.303s] copying simple_talker/simple_talker.py -> /home/falcon/FALCON-SYS/ros_ws/build/simple_talker/build/lib/simple_talker
[9.305s] running install
[9.309s] running install_lib
[9.318s] copying /home/falcon/FALCON-SYS/ros_ws/build/simple_talker/build/lib/simple_talker/simple_talker.py -> /home/falcon/FALCON-SYS/ros_ws/install/simple_talker/lib/python3.10/site-packages/simple_talker
[9.324s] byte-compiling /home/falcon/FALCON-SYS/ros_ws/install/simple_talker/lib/python3.10/site-packages/simple_talker/simple_talker.py to simple_talker.cpython-310.pyc
[9.329s] running install_egg_info
[9.345s] removing '/home/falcon/FALCON-SYS/ros_ws/install/simple_talker/lib/python3.10/site-packages/simple_talker-0.0.0-py3.10.egg-info' (and everything under it)
[9.349s] Copying ../../build/simple_talker/simple_talker.egg-info to /home/falcon/FALCON-SYS/ros_ws/install/simple_talker/lib/python3.10/site-packages/simple_talker-0.0.0-py3.10.egg-info
[9.362s] running install_scripts
[9.558s] Installing talker script to /home/falcon/FALCON-SYS/ros_ws/install/simple_talker/lib/simple_talker
[9.562s] writing list of installed files to '/home/falcon/FALCON-SYS/ros_ws/build/simple_talker/install.log'
[9.853s] Invoked command in '/home/falcon/FALCON-SYS/ros_ws/src/simple_talker' returned '0': PYTHONPATH=/home/falcon/FALCON-SYS/ros_ws/build/simple_talker/prefix_override:/usr/lib/python3/dist-packages/colcon_core/task/python/colcon_distutils_commands:/home/falcon/FALCON-SYS/ros_ws/install/simple_talker/lib/python3.10/site-packages:${PYTHONPATH} /usr/bin/python3 -W ignore:setup.py install is deprecated -W ignore:easy_install command is deprecated setup.py egg_info --egg-base ../../build/simple_talker build --build-base /home/falcon/FALCON-SYS/ros_ws/build/simple_talker/build install --record /home/falcon/FALCON-SYS/ros_ws/build/simple_talker/install.log --single-version-externally-managed
